# JRE version: Java(TM) SE Runtime Environment (21.0.8+12) (build 21.0.8+12-LTS-250)
# Java VM: Java HotSpot(TM) 64-Bit Server VM (21.0.8+12-LTS-250, mixed mode, sharing, tiered, compressed oops, compressed class ptrs, g1 gc, windows-amd64)
GC Precious Log:
 CardTable entry size: 512
 Card Set container configuration: InlinePtr #cards 5 size 8 Array Of Cards #cards 12 size 40 Howl #buckets 4 coarsen threshold 1843 Howl Bitmap #cards 512 size 80 coarsen threshold 460 Card regions per heap region 1 cards per card region 2048
 CPUs: 8 total, 8 available
 Memory: 8129M
 Large Page Support: Disabled
 NUMA Support: Disabled
 Compressed Oops: Enabled (32-bit)
 Heap Region Size: 1M
 Heap Min Capacity: 8M
 Heap Initial Capacity: 128M
 Heap Max Capacity: 1G
 Pre-touch: Disabled
 Parallel Workers: 8
 Concurrent Workers: 2
 Concurrent Refinement Workers: 8
 Periodic GC: Disabled
Heap:
 garbage-first heap   total 126976K, used 110089K [0x00000000c0000000, 0x0000000100000000)
  region size 1024K, 63 young (64512K), 0 survivors (0K)
 Metaspace       used 9628K, committed 9856K, reserved 1114112K
  class space    used 1435K, committed 1536K, reserved 1048576K
GC Heap History (20 events):
Event: 2.203 GC heap after
{Heap after GC invocations=13 (full 5):
 garbage-first heap   total 30720K, used 15873K [0x00000000c0000000, 0x0000000100000000)
  region size 1024K, 0 young (0K), 0 survivors (0K)
 Metaspace       used 7383K, committed 7552K, reserved 1114112K
  class space    used 1068K, committed 1152K, reserved 1048576K
}
Event: 2.299 GC heap before
{Heap before GC invocations=13 (full 5):
 garbage-first heap   total 30720K, used 24065K [0x00000000c0000000, 0x0000000100000000)
  region size 1024K, 8 young (8192K), 0 survivors (0K)
 Metaspace       used 7595K, committed 7808K, reserved 1114112K
  class space    used 1103K, committed 1152K, reserved 1048576K
}
Event: 2.306 GC heap after
{Heap after GC invocations=14 (full 5):
 garbage-first heap   total 80896K, used 17616K [0x00000000c0000000, 0x0000000100000000)
  region size 1024K, 1 young (1024K), 1 survivors (1024K)
 Metaspace       used 7595K, committed 7808K, reserved 1114112K
  class space    used 1103K, committed 1152K, reserved 1048576K
}
Event: 2.515 GC heap before
{Heap before GC invocations=15 (full 5):
 garbage-first heap   total 68608K, used 57552K [0x00000000c0000000, 0x0000000100000000)
  region size 1024K, 40 young (40960K), 1 survivors (1024K)
 Metaspace       used 7848K, committed 8064K, reserved 1114112K
  class space    used 1140K, committed 1216K, reserved 1048576K
}
Event: 2.529 GC heap after
{Heap after GC invocations=16 (full 5):
 garbage-first heap   total 68608K, used 21787K [0x00000000c0000000, 0x0000000100000000)
  region size 1024K, 5 young (5120K), 5 survivors (5120K)
 Metaspace       used 7848K, committed 8064K, reserved 1114112K
  class space    used 1140K, committed 1216K, reserved 1048576K
}
Event: 2.587 GC heap before
{Heap before GC invocations=16 (full 5):
 garbage-first heap   total 68608K, used 44315K [0x00000000c0000000, 0x0000000100000000)
  region size 1024K, 28 young (28672K), 5 survivors (5120K)
 Metaspace       used 7851K, committed 8064K, reserved 1114112K
  class space    used 1140K, committed 1216K, reserved 1048576K
}
Event: 2.638 GC heap after
{Heap after GC invocations=17 (full 6):
 garbage-first heap   total 68608K, used 23464K [0x00000000c0000000, 0x0000000100000000)
  region size 1024K, 0 young (0K), 0 survivors (0K)
 Metaspace       used 7851K, committed 8064K, reserved 1114112K
  class space    used 1140K, committed 1216K, reserved 1048576K
}
Event: 2.791 GC heap before
{Heap before GC invocations=17 (full 6):
 garbage-first heap   total 68608K, used 55208K [0x00000000c0000000, 0x0000000100000000)
  region size 1024K, 30 young (30720K), 0 survivors (0K)
 Metaspace       used 8036K, committed 8256K, reserved 1114112K
  class space    used 1190K, committed 1280K, reserved 1048576K
}
Event: 2.806 GC heap after
{Heap after GC invocations=18 (full 6):
 garbage-first heap   total 68608K, used 30844K [0x00000000c0000000, 0x0000000100000000)
  region size 1024K, 4 young (4096K), 4 survivors (4096K)
 Metaspace       used 8036K, committed 8256K, reserved 1114112K
  class space    used 1190K, committed 1280K, reserved 1048576K
}
Event: 2.852 GC heap before
{Heap before GC invocations=18 (full 6):
 garbage-first heap   total 68608K, used 54396K [0x00000000c0000000, 0x0000000100000000)
  region size 1024K, 27 young (27648K), 4 survivors (4096K)
 Metaspace       used 8038K, committed 8256K, reserved 1114112K
  class space    used 1190K, committed 1280K, reserved 1048576K
}
Event: 2.860 GC heap after
{Heap after GC invocations=19 (full 6):
 garbage-first heap   total 68608K, used 34039K [0x00000000c0000000, 0x0000000100000000)
  region size 1024K, 3 young (3072K), 3 survivors (3072K)
 Metaspace       used 8038K, committed 8256K, reserved 1114112K
  class space    used 1190K, committed 1280K, reserved 1048576K
}
Event: 2.898 GC heap before
{Heap before GC invocations=19 (full 6):
 garbage-first heap   total 68608K, used 56567K [0x00000000c0000000, 0x0000000100000000)
  region size 1024K, 25 young (25600K), 3 survivors (3072K)
 Metaspace       used 8039K, committed 8256K, reserved 1114112K
  class space    used 1190K, committed 1280K, reserved 1048576K
}
Event: 2.907 GC heap after
{Heap after GC invocations=20 (full 6):
 garbage-first heap   total 68608K, used 35896K [0x00000000c0000000, 0x0000000100000000)
  region size 1024K, 3 young (3072K), 3 survivors (3072K)
 Metaspace       used 8039K, committed 8256K, reserved 1114112K
  class space    used 1190K, committed 1280K, reserved 1048576K
}
Event: 2.958 GC heap before
{Heap before GC invocations=21 (full 6):
 garbage-first heap   total 83968K, used 55031K [0x00000000c0000000, 0x0000000100000000)
  region size 1024K, 25 young (25600K), 3 survivors (3072K)
 Metaspace       used 8039K, committed 8256K, reserved 1114112K
  class space    used 1190K, committed 1280K, reserved 1048576K
}
Event: 2.966 GC heap after
{Heap after GC invocations=22 (full 6):
 garbage-first heap   total 83968K, used 34735K [0x00000000c0000000, 0x0000000100000000)
  region size 1024K, 3 young (3072K), 3 survivors (3072K)
 Metaspace       used 8039K, committed 8256K, reserved 1114112K
  class space    used 1190K, committed 1280K, reserved 1048576K
}
Event: 3.032 GC heap before
{Heap before GC invocations=22 (full 6):
 garbage-first heap   total 83968K, used 72623K [0x00000000c0000000, 0x0000000100000000)
  region size 1024K, 40 young (40960K), 3 survivors (3072K)
 Metaspace       used 8039K, committed 8256K, reserved 1114112K
  class space    used 1190K, committed 1280K, reserved 1048576K
}
Event: 3.045 GC heap after
{Heap after GC invocations=23 (full 6):
 garbage-first heap   total 251904K, used 35369K [0x00000000c0000000, 0x0000000100000000)
  region size 1024K, 5 young (5120K), 5 survivors (5120K)
 Metaspace       used 8039K, committed 8256K, reserved 1114112K
  class space    used 1190K, committed 1280K, reserved 1048576K
}
Event: 3.097 GC heap before
{Heap before GC invocations=23 (full 6):
 garbage-first heap   total 251904K, used 46633K [0x00000000c0000000, 0x0000000100000000)
  region size 1024K, 16 young (16384K), 5 survivors (5120K)
 Metaspace       used 8039K, committed 8256K, reserved 1114112K
  class space    used 1190K, committed 1280K, reserved 1048576K
}
Event: 3.135 GC heap after
{Heap after GC invocations=24 (full 7):
 garbage-first heap   total 126976K, used 35337K [0x00000000c0000000, 0x0000000100000000)
  region size 1024K, 0 young (0K), 0 survivors (0K)
 Metaspace       used 8039K, committed 8256K, reserved 1114112K
  class space    used 1190K, committed 1280K, reserved 1048576K
}
Event: 9.384 GC heap before
{Heap before GC invocations=24 (full 7):
 garbage-first heap   total 126976K, used 110089K [0x00000000c0000000, 0x0000000100000000)
  region size 1024K, 63 young (64512K), 0 survivors (0K)
 Metaspace       used 9628K, committed 9856K, reserved 1114112K
  class space    used 1435K, committed 1536K, reserved 1048576K
}

