# JRE version: Java(TM) SE Runtime Environment (21.0.8+12) (build 21.0.8+12-LTS-250)
# Java VM: Java HotSpot(TM) 64-Bit Server VM (21.0.8+12-LTS-250, mixed mode, sharing, tiered, compressed oops, compressed class ptrs, g1 gc, windows-amd64)
GC Precious Log:
 CardTable entry size: 512
 Card Set container configuration: InlinePtr #cards 5 size 8 Array Of Cards #cards 12 size 40 Howl #buckets 4 coarsen threshold 1843 Howl Bitmap #cards 512 size 80 coarsen threshold 460 Card regions per heap region 1 cards per card region 2048
 CPUs: 8 total, 8 available
 Memory: 8129M
 Large Page Support: Disabled
 NUMA Support: Disabled
 Compressed Oops: Enabled (32-bit)
 Heap Region Size: 1M
 Heap Min Capacity: 8M
 Heap Initial Capacity: 128M
 Heap Max Capacity: 1G
 Pre-touch: Disabled
 Parallel Workers: 8
 Concurrent Workers: 2
 Concurrent Refinement Workers: 8
 Periodic GC: Disabled
Heap:
 garbage-first heap   total 79872K, used 59084K [0x00000000c0000000, 0x0000000100000000)
  region size 1024K, 2 young (2048K), 2 survivors (2048K)
 Metaspace       used 3681K, committed 3904K, reserved 1114112K
  class space    used 330K, committed 448K, reserved 1048576K
GC Heap History (20 events):
Event: 1.366 GC heap after
{Heap after GC invocations=6 (full 1):
 garbage-first heap   total 70656K, used 3451K [0x00000000c0000000, 0x0000000100000000)
  region size 1024K, 1 young (1024K), 1 survivors (1024K)
 Metaspace       used 2241K, committed 2432K, reserved 1114112K
  class space    used 195K, committed 320K, reserved 1048576K
}
Event: 1.724 GC heap before
{Heap before GC invocations=6 (full 1):
 garbage-first heap   total 70656K, used 31099K [0x00000000c0000000, 0x0000000100000000)
  region size 1024K, 29 young (29696K), 1 survivors (1024K)
 Metaspace       used 3009K, committed 3200K, reserved 1114112K
  class space    used 273K, committed 384K, reserved 1048576K
}
Event: 1.754 GC heap after
{Heap after GC invocations=7 (full 2):
 garbage-first heap   total 24576K, used 6305K [0x00000000c0000000, 0x0000000100000000)
  region size 1024K, 0 young (0K), 0 survivors (0K)
 Metaspace       used 3009K, committed 3200K, reserved 1114112K
  class space    used 273K, committed 384K, reserved 1048576K
}
Event: 2.047 GC heap before
{Heap before GC invocations=7 (full 2):
 garbage-first heap   total 24576K, used 19617K [0x00000000c0000000, 0x0000000100000000)
  region size 1024K, 13 young (13312K), 0 survivors (0K)
 Metaspace       used 3667K, committed 3904K, reserved 1114112K
  class space    used 330K, committed 448K, reserved 1048576K
}
Event: 2.060 GC heap after
{Heap after GC invocations=8 (full 2):
 garbage-first heap   total 27648K, used 13345K [0x00000000c0000000, 0x0000000100000000)
  region size 1024K, 2 young (2048K), 2 survivors (2048K)
 Metaspace       used 3667K, committed 3904K, reserved 1114112K
  class space    used 330K, committed 448K, reserved 1048576K
}
Event: 2.078 GC heap before
{Heap before GC invocations=8 (full 2):
 garbage-first heap   total 27648K, used 16417K [0x00000000c0000000, 0x0000000100000000)
  region size 1024K, 6 young (6144K), 2 survivors (2048K)
 Metaspace       used 3672K, committed 3904K, reserved 1114112K
  class space    used 330K, committed 448K, reserved 1048576K
}
Event: 2.087 GC heap after
{Heap after GC invocations=9 (full 2):
 garbage-first heap   total 27648K, used 15521K [0x00000000c0000000, 0x0000000100000000)
  region size 1024K, 1 young (1024K), 1 survivors (1024K)
 Metaspace       used 3672K, committed 3904K, reserved 1114112K
  class space    used 330K, committed 448K, reserved 1048576K
}
Event: 2.100 GC heap before
{Heap before GC invocations=9 (full 2):
 garbage-first heap   total 27648K, used 18593K [0x00000000c0000000, 0x0000000100000000)
  region size 1024K, 4 young (4096K), 1 survivors (1024K)
 Metaspace       used 3672K, committed 3904K, reserved 1114112K
  class space    used 330K, committed 448K, reserved 1048576K
}
Event: 2.105 GC heap after
{Heap after GC invocations=10 (full 2):
 garbage-first heap   total 27648K, used 17569K [0x00000000c0000000, 0x0000000100000000)
  region size 1024K, 1 young (1024K), 1 survivors (1024K)
 Metaspace       used 3672K, committed 3904K, reserved 1114112K
  class space    used 330K, committed 448K, reserved 1048576K
}
Event: 2.122 GC heap before
{Heap before GC invocations=10 (full 2):
 garbage-first heap   total 27648K, used 20641K [0x00000000c0000000, 0x0000000100000000)
  region size 1024K, 4 young (4096K), 1 survivors (1024K)
 Metaspace       used 3673K, committed 3904K, reserved 1114112K
  class space    used 330K, committed 448K, reserved 1048576K
}
Event: 2.128 GC heap after
{Heap after GC invocations=11 (full 2):
 garbage-first heap   total 79872K, used 18961K [0x00000000c0000000, 0x0000000100000000)
  region size 1024K, 1 young (1024K), 1 survivors (1024K)
 Metaspace       used 3673K, committed 3904K, reserved 1114112K
  class space    used 330K, committed 448K, reserved 1048576K
}
Event: 2.171 GC heap before
{Heap before GC invocations=12 (full 2):
 garbage-first heap   total 71680K, used 26129K [0x00000000c0000000, 0x0000000100000000)
  region size 1024K, 10 young (10240K), 1 survivors (1024K)
 Metaspace       used 3674K, committed 3904K, reserved 1114112K
  class space    used 330K, committed 448K, reserved 1048576K
}
Event: 2.210 GC heap after
{Heap after GC invocations=13 (full 3):
 garbage-first heap   total 71680K, used 21196K [0x00000000c0000000, 0x0000000100000000)
  region size 1024K, 0 young (0K), 0 survivors (0K)
 Metaspace       used 3674K, committed 3904K, reserved 1114112K
  class space    used 330K, committed 448K, reserved 1048576K
}
Event: 2.293 GC heap before
{Heap before GC invocations=13 (full 3):
 garbage-first heap   total 71680K, used 39628K [0x00000000c0000000, 0x0000000100000000)
  region size 1024K, 18 young (18432K), 0 survivors (0K)
 Metaspace       used 3681K, committed 3904K, reserved 1114112K
  class space    used 330K, committed 448K, reserved 1048576K
}
Event: 2.305 GC heap after
{Heap after GC invocations=14 (full 3):
 garbage-first heap   total 71680K, used 29939K [0x00000000c0000000, 0x0000000100000000)
  region size 1024K, 3 young (3072K), 3 survivors (3072K)
 Metaspace       used 3681K, committed 3904K, reserved 1114112K
  class space    used 330K, committed 448K, reserved 1048576K
}
Event: 2.358 GC heap before
{Heap before GC invocations=14 (full 3):
 garbage-first heap   total 71680K, used 47347K [0x00000000c0000000, 0x0000000100000000)
  region size 1024K, 18 young (18432K), 3 survivors (3072K)
 Metaspace       used 3681K, committed 3904K, reserved 1114112K
  class space    used 330K, committed 448K, reserved 1048576K
}
Event: 2.380 GC heap after
{Heap after GC invocations=15 (full 3):
 garbage-first heap   total 71680K, used 41676K [0x00000000c0000000, 0x0000000100000000)
  region size 1024K, 3 young (3072K), 3 survivors (3072K)
 Metaspace       used 3681K, committed 3904K, reserved 1114112K
  class space    used 330K, committed 448K, reserved 1048576K
}
Event: 2.414 GC heap before
{Heap before GC invocations=15 (full 3):
 garbage-first heap   total 71680K, used 52940K [0x00000000c0000000, 0x0000000100000000)
  region size 1024K, 14 young (14336K), 3 survivors (3072K)
 Metaspace       used 3681K, committed 3904K, reserved 1114112K
  class space    used 330K, committed 448K, reserved 1048576K
}
Event: 2.433 GC heap after
{Heap after GC invocations=16 (full 3):
 garbage-first heap   total 71680K, used 49356K [0x00000000c0000000, 0x0000000100000000)
  region size 1024K, 2 young (2048K), 2 survivors (2048K)
 Metaspace       used 3681K, committed 3904K, reserved 1114112K
  class space    used 330K, committed 448K, reserved 1048576K
}
Event: 2.461 GC heap before
{Heap before GC invocations=16 (full 3):
 garbage-first heap   total 71680K, used 60620K [0x00000000c0000000, 0x0000000100000000)
  region size 1024K, 10 young (10240K), 2 survivors (2048K)
 Metaspace       used 3681K, committed 3904K, reserved 1114112K
  class space    used 330K, committed 448K, reserved 1048576K
}

