# JRE version: Java(TM) SE Runtime Environment (21.0.8+12) (build 21.0.8+12-LTS-250)
# Java VM: Java HotSpot(TM) 64-Bit Server VM (21.0.8+12-LTS-250, mixed mode, sharing, tiered, compressed oops, compressed class ptrs, g1 gc, windows-amd64)
GC Precious Log:
 CardTable entry size: 512
 Card Set container configuration: InlinePtr #cards 5 size 8 Array Of Cards #cards 12 size 40 Howl #buckets 4 coarsen threshold 1843 Howl Bitmap #cards 512 size 80 coarsen threshold 460 Card regions per heap region 1 cards per card region 2048
 CPUs: 8 total, 8 available
 Memory: 8129M
 Large Page Support: Disabled
 NUMA Support: Disabled
 Compressed Oops: Enabled (32-bit)
 Heap Region Size: 1M
 Heap Min Capacity: 8M
 Heap Initial Capacity: 128M
 Heap Max Capacity: 1G
 Pre-touch: Disabled
 Parallel Workers: 8
 Concurrent Workers: 2
 Concurrent Refinement Workers: 8
 Periodic GC: Disabled
Heap:
 garbage-first heap   total 380928K, used 220505K [0x00000000c0000000, 0x0000000100000000)
  region size 1024K, 3 young (3072K), 3 survivors (3072K)
 Metaspace       used 3710K, committed 3968K, reserved 1114112K
  class space    used 333K, committed 448K, reserved 1048576K
GC Heap History (20 events):
Event: 1.115 GC heap after
{Heap after GC invocations=12 (full 3):
 garbage-first heap   total 129024K, used 26928K [0x00000000c0000000, 0x0000000100000000)
  region size 1024K, 1 young (1024K), 1 survivors (1024K)
 Metaspace       used 3677K, committed 3904K, reserved 1114112K
  class space    used 330K, committed 448K, reserved 1048576K
}
Event: 1.245 GC heap before
{Heap before GC invocations=13 (full 3):
 garbage-first heap   total 112640K, used 54576K [0x00000000c0000000, 0x0000000100000000)
  region size 1024K, 28 young (28672K), 1 survivors (1024K)
 Metaspace       used 3677K, committed 3904K, reserved 1114112K
  class space    used 330K, committed 448K, reserved 1048576K
}
Event: 1.318 GC heap after
{Heap after GC invocations=14 (full 4):
 garbage-first heap   total 112640K, used 43314K [0x00000000c0000000, 0x0000000100000000)
  region size 1024K, 0 young (0K), 0 survivors (0K)
 Metaspace       used 3677K, committed 3904K, reserved 1114112K
  class space    used 330K, committed 448K, reserved 1048576K
}
Event: 1.404 GC heap before
{Heap before GC invocations=14 (full 4):
 garbage-first heap   total 112640K, used 76082K [0x00000000c0000000, 0x0000000100000000)
  region size 1024K, 28 young (28672K), 0 survivors (0K)
 Metaspace       used 3677K, committed 3904K, reserved 1114112K
  class space    used 330K, committed 448K, reserved 1048576K
}
Event: 1.431 GC heap after
{Heap after GC invocations=15 (full 4):
 garbage-first heap   total 112640K, used 65842K [0x00000000c0000000, 0x0000000100000000)
  region size 1024K, 4 young (4096K), 4 survivors (4096K)
 Metaspace       used 3677K, committed 3904K, reserved 1114112K
  class space    used 330K, committed 448K, reserved 1048576K
}
Event: 1.485 GC heap before
{Heap before GC invocations=15 (full 4):
 garbage-first heap   total 112640K, used 84274K [0x00000000c0000000, 0x0000000100000000)
  region size 1024K, 22 young (22528K), 4 survivors (4096K)
 Metaspace       used 3677K, committed 3904K, reserved 1114112K
  class space    used 330K, committed 448K, reserved 1048576K
}
Event: 1.512 GC heap after
{Heap after GC invocations=16 (full 4):
 garbage-first heap   total 112640K, used 77618K [0x00000000c0000000, 0x0000000100000000)
  region size 1024K, 3 young (3072K), 3 survivors (3072K)
 Metaspace       used 3677K, committed 3904K, reserved 1114112K
  class space    used 330K, committed 448K, reserved 1048576K
}
Event: 1.512 GC heap before
{Heap before GC invocations=16 (full 4):
 garbage-first heap   total 112640K, used 77618K [0x00000000c0000000, 0x0000000100000000)
  region size 1024K, 4 young (4096K), 3 survivors (3072K)
 Metaspace       used 3677K, committed 3904K, reserved 1114112K
  class space    used 330K, committed 448K, reserved 1048576K
}
Event: 1.628 GC heap after
{Heap after GC invocations=17 (full 5):
 garbage-first heap   total 126976K, used 74162K [0x00000000c0000000, 0x0000000100000000)
  region size 1024K, 0 young (0K), 0 survivors (0K)
 Metaspace       used 3677K, committed 3904K, reserved 1114112K
  class space    used 330K, committed 448K, reserved 1048576K
}
Event: 1.702 GC heap before
{Heap before GC invocations=17 (full 5):
 garbage-first heap   total 126976K, used 94642K [0x00000000c0000000, 0x0000000100000000)
  region size 1024K, 20 young (20480K), 0 survivors (0K)
 Metaspace       used 3677K, committed 3904K, reserved 1114112K
  class space    used 330K, committed 448K, reserved 1048576K
}
Event: 1.719 GC heap after
{Heap after GC invocations=18 (full 5):
 garbage-first heap   total 126976K, used 86962K [0x00000000c0000000, 0x0000000100000000)
  region size 1024K, 3 young (3072K), 3 survivors (3072K)
 Metaspace       used 3677K, committed 3904K, reserved 1114112K
  class space    used 330K, committed 448K, reserved 1048576K
}
Event: 1.731 GC heap before
{Heap before GC invocations=18 (full 5):
 garbage-first heap   total 126976K, used 91058K [0x00000000c0000000, 0x0000000100000000)
  region size 1024K, 8 young (8192K), 3 survivors (3072K)
 Metaspace       used 3677K, committed 3904K, reserved 1114112K
  class space    used 330K, committed 448K, reserved 1048576K
}
Event: 1.743 GC heap after
{Heap after GC invocations=19 (full 5):
 garbage-first heap   total 380928K, used 90443K [0x00000000c0000000, 0x0000000100000000)
  region size 1024K, 3 young (3072K), 3 survivors (3072K)
 Metaspace       used 3677K, committed 3904K, reserved 1114112K
  class space    used 330K, committed 448K, reserved 1048576K
}
Event: 2.066 GC heap before
{Heap before GC invocations=19 (full 5):
 garbage-first heap   total 380928K, used 207179K [0x00000000c0000000, 0x0000000100000000)
  region size 1024K, 110 young (112640K), 3 survivors (3072K)
 Metaspace       used 3677K, committed 3904K, reserved 1114112K
  class space    used 330K, committed 448K, reserved 1048576K
}
Event: 2.108 GC heap after
{Heap after GC invocations=20 (full 5):
 garbage-first heap   total 380928K, used 165773K [0x00000000c0000000, 0x0000000100000000)
  region size 1024K, 14 young (14336K), 14 survivors (14336K)
 Metaspace       used 3677K, committed 3904K, reserved 1114112K
  class space    used 330K, committed 448K, reserved 1048576K
}
Event: 2.182 GC heap before
{Heap before GC invocations=20 (full 5):
 garbage-first heap   total 380928K, used 203661K [0x00000000c0000000, 0x0000000100000000)
  region size 1024K, 37 young (37888K), 14 survivors (14336K)
 Metaspace       used 3677K, committed 3904K, reserved 1114112K
  class space    used 330K, committed 448K, reserved 1048576K
}
Event: 2.208 GC heap after
{Heap after GC invocations=21 (full 5):
 garbage-first heap   total 380928K, used 196018K [0x00000000c0000000, 0x0000000100000000)
  region size 1024K, 5 young (5120K), 5 survivors (5120K)
 Metaspace       used 3677K, committed 3904K, reserved 1114112K
  class space    used 330K, committed 448K, reserved 1048576K
}
Event: 2.480 GC heap before
{Heap before GC invocations=21 (full 5):
 garbage-first heap   total 380928K, used 236978K [0x00000000c0000000, 0x0000000100000000)
  region size 1024K, 45 young (46080K), 5 survivors (5120K)
 Metaspace       used 3710K, committed 3968K, reserved 1114112K
  class space    used 333K, committed 448K, reserved 1048576K
}
Event: 2.514 GC heap after
{Heap after GC invocations=22 (full 5):
 garbage-first heap   total 380928K, used 214962K [0x00000000c0000000, 0x0000000100000000)
  region size 1024K, 6 young (6144K), 6 survivors (6144K)
 Metaspace       used 3710K, committed 3968K, reserved 1114112K
  class space    used 333K, committed 448K, reserved 1048576K
}
Event: 2.708 GC heap before
{Heap before GC invocations=22 (full 5):
 garbage-first heap   total 380928K, used 230322K [0x00000000c0000000, 0x0000000100000000)
  region size 1024K, 21 young (21504K), 6 survivors (6144K)
 Metaspace       used 3710K, committed 3968K, reserved 1114112K
  class space    used 333K, committed 448K, reserved 1048576K
}

