# JRE version: Java(TM) SE Runtime Environment (21.0.8+12) (build 21.0.8+12-LTS-250)
# Java VM: Java HotSpot(TM) 64-Bit Server VM (21.0.8+12-LTS-250, mixed mode, sharing, tiered, compressed oops, compressed class ptrs, g1 gc, windows-amd64)
GC Precious Log:
 CardTable entry size: 512
 Card Set container configuration: InlinePtr #cards 5 size 8 Array Of Cards #cards 12 size 40 Howl #buckets 4 coarsen threshold 1843 Howl Bitmap #cards 512 size 80 coarsen threshold 460 Card regions per heap region 1 cards per card region 2048
 CPUs: 8 total, 8 available
 Memory: 8129M
 Large Page Support: Disabled
 NUMA Support: Disabled
 Compressed Oops: Enabled (32-bit)
 Heap Region Size: 1M
 Heap Min Capacity: 8M
 Heap Initial Capacity: 128M
 Heap Max Capacity: 1G
 Pre-touch: Disabled
 Parallel Workers: 8
 Concurrent Workers: 2
 Concurrent Refinement Workers: 8
 Periodic GC: Disabled
Heap:
 garbage-first heap   total 344064K, used 182978K [0x00000000c0000000, 0x0000000100000000)
  region size 1024K, 2 young (2048K), 2 survivors (2048K)
 Metaspace       used 3720K, committed 3968K, reserved 1114112K
  class space    used 333K, committed 448K, reserved 1048576K
GC Heap History (20 events):
Event: 2.628 GC heap after
{Heap after GC invocations=18 (full 5):
 garbage-first heap   total 81920K, used 44035K [0x00000000c0000000, 0x0000000100000000)
  region size 1024K, 0 young (0K), 0 survivors (0K)
 Metaspace       used 3687K, committed 3904K, reserved 1114112K
  class space    used 330K, committed 448K, reserved 1048576K
}
Event: 2.662 GC heap before
{Heap before GC invocations=18 (full 5):
 garbage-first heap   total 81920K, used 53251K [0x00000000c0000000, 0x0000000100000000)
  region size 1024K, 11 young (11264K), 0 survivors (0K)
 Metaspace       used 3687K, committed 3904K, reserved 1114112K
  class space    used 330K, committed 448K, reserved 1048576K
}
Event: 2.673 GC heap after
{Heap after GC invocations=19 (full 5):
 garbage-first heap   total 81920K, used 50691K [0x00000000c0000000, 0x0000000100000000)
  region size 1024K, 2 young (2048K), 2 survivors (2048K)
 Metaspace       used 3687K, committed 3904K, reserved 1114112K
  class space    used 330K, committed 448K, reserved 1048576K
}
Event: 2.737 GC heap before
{Heap before GC invocations=19 (full 5):
 garbage-first heap   total 114688K, used 67075K [0x00000000c0000000, 0x0000000100000000)
  region size 1024K, 14 young (14336K), 2 survivors (2048K)
 Metaspace       used 3687K, committed 3904K, reserved 1114112K
  class space    used 330K, committed 448K, reserved 1048576K
}
Event: 2.759 GC heap after
{Heap after GC invocations=20 (full 5):
 garbage-first heap   total 114688K, used 62979K [0x00000000c0000000, 0x0000000100000000)
  region size 1024K, 2 young (2048K), 2 survivors (2048K)
 Metaspace       used 3687K, committed 3904K, reserved 1114112K
  class space    used 330K, committed 448K, reserved 1048576K
}
Event: 2.815 GC heap before
{Heap before GC invocations=21 (full 5):
 garbage-first heap   total 114688K, used 75267K [0x00000000c0000000, 0x0000000100000000)
  region size 1024K, 15 young (15360K), 2 survivors (2048K)
 Metaspace       used 3687K, committed 3904K, reserved 1114112K
  class space    used 330K, committed 448K, reserved 1048576K
}
Event: 2.940 GC heap after
{Heap after GC invocations=22 (full 6):
 garbage-first heap   total 114688K, used 67558K [0x00000000c0000000, 0x0000000100000000)
  region size 1024K, 0 young (0K), 0 survivors (0K)
 Metaspace       used 3687K, committed 3904K, reserved 1114112K
  class space    used 330K, committed 448K, reserved 1048576K
}
Event: 3.003 GC heap before
{Heap before GC invocations=22 (full 6):
 garbage-first heap   total 114688K, used 84966K [0x00000000c0000000, 0x0000000100000000)
  region size 1024K, 17 young (17408K), 0 survivors (0K)
 Metaspace       used 3687K, committed 3904K, reserved 1114112K
  class space    used 330K, committed 448K, reserved 1048576K
}
Event: 3.026 GC heap after
{Heap after GC invocations=23 (full 6):
 garbage-first heap   total 344064K, used 78310K [0x00000000c0000000, 0x0000000100000000)
  region size 1024K, 3 young (3072K), 3 survivors (3072K)
 Metaspace       used 3687K, committed 3904K, reserved 1114112K
  class space    used 330K, committed 448K, reserved 1048576K
}
Event: 3.463 GC heap before
{Heap before GC invocations=24 (full 6):
 garbage-first heap   total 344064K, used 184806K [0x00000000c0000000, 0x0000000100000000)
  region size 1024K, 100 young (102400K), 3 survivors (3072K)
 Metaspace       used 3687K, committed 3904K, reserved 1114112K
  class space    used 330K, committed 448K, reserved 1048576K
}
Event: 3.519 GC heap after
{Heap after GC invocations=25 (full 6):
 garbage-first heap   total 344064K, used 146918K [0x00000000c0000000, 0x0000000100000000)
  region size 1024K, 13 young (13312K), 13 survivors (13312K)
 Metaspace       used 3687K, committed 3904K, reserved 1114112K
  class space    used 330K, committed 448K, reserved 1048576K
}
Event: 3.679 GC heap before
{Heap before GC invocations=25 (full 6):
 garbage-first heap   total 344064K, used 207334K [0x00000000c0000000, 0x0000000100000000)
  region size 1024K, 58 young (59392K), 13 survivors (13312K)
 Metaspace       used 3687K, committed 3904K, reserved 1114112K
  class space    used 330K, committed 448K, reserved 1048576K
}
Event: 3.721 GC heap after
{Heap after GC invocations=26 (full 6):
 garbage-first heap   total 344064K, used 190892K [0x00000000c0000000, 0x0000000100000000)
  region size 1024K, 8 young (8192K), 8 survivors (8192K)
 Metaspace       used 3687K, committed 3904K, reserved 1114112K
  class space    used 330K, committed 448K, reserved 1048576K
}
Event: 4.299 GC heap before
{Heap before GC invocations=26 (full 6):
 garbage-first heap   total 344064K, used 230828K [0x00000000c0000000, 0x0000000100000000)
  region size 1024K, 48 young (49152K), 8 survivors (8192K)
 Metaspace       used 3720K, committed 3968K, reserved 1114112K
  class space    used 333K, committed 448K, reserved 1048576K
}
Event: 4.332 GC heap after
{Heap after GC invocations=27 (full 6):
 garbage-first heap   total 344064K, used 212908K [0x00000000c0000000, 0x0000000100000000)
  region size 1024K, 6 young (6144K), 6 survivors (6144K)
 Metaspace       used 3720K, committed 3968K, reserved 1114112K
  class space    used 333K, committed 448K, reserved 1048576K
}
Event: 4.481 GC heap before
{Heap before GC invocations=27 (full 6):
 garbage-first heap   total 344064K, used 223148K [0x00000000c0000000, 0x0000000100000000)
  region size 1024K, 16 young (16384K), 6 survivors (6144K)
 Metaspace       used 3720K, committed 3968K, reserved 1114112K
  class space    used 333K, committed 448K, reserved 1048576K
}
Event: 4.515 GC heap after
{Heap after GC invocations=28 (full 6):
 garbage-first heap   total 344064K, used 219052K [0x00000000c0000000, 0x0000000100000000)
  region size 1024K, 2 young (2048K), 2 survivors (2048K)
 Metaspace       used 3720K, committed 3968K, reserved 1114112K
  class space    used 333K, committed 448K, reserved 1048576K
}
Event: 4.715 GC heap before
{Heap before GC invocations=29 (full 6):
 garbage-first heap   total 344064K, used 204716K [0x00000000c0000000, 0x0000000100000000)
  region size 1024K, 13 young (13312K), 2 survivors (2048K)
 Metaspace       used 3720K, committed 3968K, reserved 1114112K
  class space    used 333K, committed 448K, reserved 1048576K
}
Event: 4.860 GC heap after
{Heap after GC invocations=30 (full 7):
 garbage-first heap   total 344064K, used 181306K [0x00000000c0000000, 0x0000000100000000)
  region size 1024K, 0 young (0K), 0 survivors (0K)
 Metaspace       used 3720K, committed 3968K, reserved 1114112K
  class space    used 333K, committed 448K, reserved 1048576K
}
Event: 5.243 GC heap before
{Heap before GC invocations=30 (full 7):
 garbage-first heap   total 344064K, used 197690K [0x00000000c0000000, 0x0000000100000000)
  region size 1024K, 16 young (16384K), 0 survivors (0K)
 Metaspace       used 3720K, committed 3968K, reserved 1114112K
  class space    used 333K, committed 448K, reserved 1048576K
}

